<?xml version="1.0" encoding="UTF-8"?>
<testsuite xmlns:xsi="http://www.w3.org/2001/XMLSchema-instance" xsi:noNamespaceSchemaLocation="https://maven.apache.org/surefire/maven-surefire-plugin/xsd/surefire-test-report-3.0.xsd" version="3.0" name="TestSuite" time="14.806" tests="1" errors="0" skipped="0" failures="0">
  <properties>
    <property name="java.specification.version" value="17"/>
    <property name="sun.cpu.isalist" value="amd64"/>
    <property name="sun.jnu.encoding" value="Cp1252"/>
    <property name="java.class.path" value="C:\Users\USER\Desktop\Raikar\Raikar\New folder\Dodo_Admin_API_Automation\target\test-classes;C:\Users\USER\Desktop\Raikar\Raikar\New folder\Dodo_Admin_API_Automation\target\classes;C:\Users\USER\.m2\repository\junit\junit\4.11\junit-4.11.jar;C:\Users\USER\.m2\repository\org\hamcrest\hamcrest-core\1.3\hamcrest-core-1.3.jar;C:\Users\USER\.m2\repository\io\rest-assured\rest-assured\5.0.1\rest-assured-5.0.1.jar;C:\Users\USER\.m2\repository\org\apache\groovy\groovy\4.0.1\groovy-4.0.1.jar;C:\Users\USER\.m2\repository\org\apache\groovy\groovy-xml\4.0.1\groovy-xml-4.0.1.jar;C:\Users\USER\.m2\repository\org\apache\httpcomponents\httpclient\4.5.13\httpclient-4.5.13.jar;C:\Users\USER\.m2\repository\org\apache\httpcomponents\httpcore\4.4.13\httpcore-4.4.13.jar;C:\Users\USER\.m2\repository\commons-logging\commons-logging\1.2\commons-logging-1.2.jar;C:\Users\USER\.m2\repository\org\apache\httpcomponents\httpmime\4.5.13\httpmime-4.5.13.jar;C:\Users\USER\.m2\repository\org\hamcrest\hamcrest\2.1\hamcrest-2.1.jar;C:\Users\USER\.m2\repository\org\ccil\cowan\tagsoup\tagsoup\1.2.1\tagsoup-1.2.1.jar;C:\Users\USER\.m2\repository\io\rest-assured\json-path\5.0.1\json-path-5.0.1.jar;C:\Users\USER\.m2\repository\org\apache\groovy\groovy-json\4.0.1\groovy-json-4.0.1.jar;C:\Users\USER\.m2\repository\io\rest-assured\rest-assured-common\5.0.1\rest-assured-common-5.0.1.jar;C:\Users\USER\.m2\repository\io\rest-assured\xml-path\5.0.1\xml-path-5.0.1.jar;C:\Users\USER\.m2\repository\org\apache\commons\commons-lang3\3.11\commons-lang3-3.11.jar;C:\Users\USER\.m2\repository\org\testng\testng\7.6.0\testng-7.6.0.jar;C:\Users\USER\.m2\repository\com\google\code\findbugs\jsr305\3.0.2\jsr305-3.0.2.jar;C:\Users\USER\.m2\repository\org\slf4j\slf4j-api\1.7.36\slf4j-api-1.7.36.jar;C:\Users\USER\.m2\repository\com\beust\jcommander\1.82\jcommander-1.82.jar;C:\Users\USER\.m2\repository\org\webjars\jquery\3.6.0\jquery-3.6.0.jar;C:\Users\USER\.m2\repository\com\googlecode\json-simple\json-simple\1.1.1\json-simple-1.1.1.jar;C:\Users\USER\.m2\repository\com\aventstack\extentreports\3.0.6\extentreports-3.0.6.jar;C:\Users\USER\.m2\repository\org\freemarker\freemarker\2.3.23\freemarker-2.3.23.jar;C:\Users\USER\.m2\repository\org\mongodb\mongodb-driver\3.3.0\mongodb-driver-3.3.0.jar;C:\Users\USER\.m2\repository\org\mongodb\bson\3.3.0\bson-3.3.0.jar;C:\Users\USER\.m2\repository\org\mongodb\mongodb-driver-core\3.3.0\mongodb-driver-core-3.3.0.jar;C:\Users\USER\.m2\repository\org\jsoup\jsoup\1.9.2\jsoup-1.9.2.jar;C:\Users\USER\.m2\repository\org\apache\logging\log4j\log4j-core\2.17.2\log4j-core-2.17.2.jar;C:\Users\USER\.m2\repository\org\apache\logging\log4j\log4j-api\2.17.2\log4j-api-2.17.2.jar;C:\Users\USER\.m2\repository\log4j\log4j\1.2.17\log4j-1.2.17.jar;C:\Users\USER\.m2\repository\org\apache\poi\poi\3.15\poi-3.15.jar;C:\Users\USER\.m2\repository\commons-codec\commons-codec\1.10\commons-codec-1.10.jar;C:\Users\USER\.m2\repository\org\apache\commons\commons-collections4\4.1\commons-collections4-4.1.jar;C:\Users\USER\.m2\repository\org\apache\poi\poi-ooxml\3.15\poi-ooxml-3.15.jar;C:\Users\USER\.m2\repository\org\apache\poi\poi-ooxml-schemas\3.15\poi-ooxml-schemas-3.15.jar;C:\Users\USER\.m2\repository\org\apache\xmlbeans\xmlbeans\2.6.0\xmlbeans-2.6.0.jar;C:\Users\USER\.m2\repository\stax\stax-api\1.0.1\stax-api-1.0.1.jar;C:\Users\USER\.m2\repository\com\github\virtuald\curvesapi\1.04\curvesapi-1.04.jar;"/>
    <property name="java.vm.vendor" value="Eclipse Adoptium"/>
    <property name="sun.arch.data.model" value="64"/>
    <property name="user.variant" value=""/>
    <property name="java.vendor.url" value="https://adoptium.net/"/>
    <property name="user.timezone" value="Asia/Calcutta"/>
    <property name="os.name" value="Windows 10"/>
    <property name="java.vm.specification.version" value="17"/>
    <property name="sun.java.launcher" value="SUN_STANDARD"/>
    <property name="user.country" value="US"/>
    <property name="sun.boot.library.path" value="C:\Users\USER\Downloads\eclipse\plugins\org.eclipse.justj.openjdk.hotspot.jre.full.win32.x86_64_17.0.2.v20220201-1208\jre\bin"/>
    <property name="sun.java.command" value="C:\Users\USER\AppData\Local\Temp\surefire9703953971509862138\surefirebooter-20220621114132733_3.jar C:\Users\USER\AppData\Local\Temp\surefire9703953971509862138 2022-06-21T11-41-31_646-jvmRun1 surefire-20220621114132733_1tmp surefire_0-20220621114132733_2tmp"/>
    <property name="jdk.debug" value="release"/>
    <property name="surefire.test.class.path" value="C:\Users\USER\Desktop\Raikar\Raikar\New folder\Dodo_Admin_API_Automation\target\test-classes;C:\Users\USER\Desktop\Raikar\Raikar\New folder\Dodo_Admin_API_Automation\target\classes;C:\Users\USER\.m2\repository\junit\junit\4.11\junit-4.11.jar;C:\Users\USER\.m2\repository\org\hamcrest\hamcrest-core\1.3\hamcrest-core-1.3.jar;C:\Users\USER\.m2\repository\io\rest-assured\rest-assured\5.0.1\rest-assured-5.0.1.jar;C:\Users\USER\.m2\repository\org\apache\groovy\groovy\4.0.1\groovy-4.0.1.jar;C:\Users\USER\.m2\repository\org\apache\groovy\groovy-xml\4.0.1\groovy-xml-4.0.1.jar;C:\Users\USER\.m2\repository\org\apache\httpcomponents\httpclient\4.5.13\httpclient-4.5.13.jar;C:\Users\USER\.m2\repository\org\apache\httpcomponents\httpcore\4.4.13\httpcore-4.4.13.jar;C:\Users\USER\.m2\repository\commons-logging\commons-logging\1.2\commons-logging-1.2.jar;C:\Users\USER\.m2\repository\org\apache\httpcomponents\httpmime\4.5.13\httpmime-4.5.13.jar;C:\Users\USER\.m2\repository\org\hamcrest\hamcrest\2.1\hamcrest-2.1.jar;C:\Users\USER\.m2\repository\org\ccil\cowan\tagsoup\tagsoup\1.2.1\tagsoup-1.2.1.jar;C:\Users\USER\.m2\repository\io\rest-assured\json-path\5.0.1\json-path-5.0.1.jar;C:\Users\USER\.m2\repository\org\apache\groovy\groovy-json\4.0.1\groovy-json-4.0.1.jar;C:\Users\USER\.m2\repository\io\rest-assured\rest-assured-common\5.0.1\rest-assured-common-5.0.1.jar;C:\Users\USER\.m2\repository\io\rest-assured\xml-path\5.0.1\xml-path-5.0.1.jar;C:\Users\USER\.m2\repository\org\apache\commons\commons-lang3\3.11\commons-lang3-3.11.jar;C:\Users\USER\.m2\repository\org\testng\testng\7.6.0\testng-7.6.0.jar;C:\Users\USER\.m2\repository\com\google\code\findbugs\jsr305\3.0.2\jsr305-3.0.2.jar;C:\Users\USER\.m2\repository\org\slf4j\slf4j-api\1.7.36\slf4j-api-1.7.36.jar;C:\Users\USER\.m2\repository\com\beust\jcommander\1.82\jcommander-1.82.jar;C:\Users\USER\.m2\repository\org\webjars\jquery\3.6.0\jquery-3.6.0.jar;C:\Users\USER\.m2\repository\com\googlecode\json-simple\json-simple\1.1.1\json-simple-1.1.1.jar;C:\Users\USER\.m2\repository\com\aventstack\extentreports\3.0.6\extentreports-3.0.6.jar;C:\Users\USER\.m2\repository\org\freemarker\freemarker\2.3.23\freemarker-2.3.23.jar;C:\Users\USER\.m2\repository\org\mongodb\mongodb-driver\3.3.0\mongodb-driver-3.3.0.jar;C:\Users\USER\.m2\repository\org\mongodb\bson\3.3.0\bson-3.3.0.jar;C:\Users\USER\.m2\repository\org\mongodb\mongodb-driver-core\3.3.0\mongodb-driver-core-3.3.0.jar;C:\Users\USER\.m2\repository\org\jsoup\jsoup\1.9.2\jsoup-1.9.2.jar;C:\Users\USER\.m2\repository\org\apache\logging\log4j\log4j-core\2.17.2\log4j-core-2.17.2.jar;C:\Users\USER\.m2\repository\org\apache\logging\log4j\log4j-api\2.17.2\log4j-api-2.17.2.jar;C:\Users\USER\.m2\repository\log4j\log4j\1.2.17\log4j-1.2.17.jar;C:\Users\USER\.m2\repository\org\apache\poi\poi\3.15\poi-3.15.jar;C:\Users\USER\.m2\repository\commons-codec\commons-codec\1.10\commons-codec-1.10.jar;C:\Users\USER\.m2\repository\org\apache\commons\commons-collections4\4.1\commons-collections4-4.1.jar;C:\Users\USER\.m2\repository\org\apache\poi\poi-ooxml\3.15\poi-ooxml-3.15.jar;C:\Users\USER\.m2\repository\org\apache\poi\poi-ooxml-schemas\3.15\poi-ooxml-schemas-3.15.jar;C:\Users\USER\.m2\repository\org\apache\xmlbeans\xmlbeans\2.6.0\xmlbeans-2.6.0.jar;C:\Users\USER\.m2\repository\stax\stax-api\1.0.1\stax-api-1.0.1.jar;C:\Users\USER\.m2\repository\com\github\virtuald\curvesapi\1.04\curvesapi-1.04.jar;"/>
    <property name="sun.cpu.endian" value="little"/>
    <property name="user.home" value="C:\Users\USER"/>
    <property name="user.language" value="en"/>
    <property name="java.specification.vendor" value="Oracle Corporation"/>
    <property name="java.version.date" value="2022-01-18"/>
    <property name="java.home" value="C:\Users\USER\Downloads\eclipse\plugins\org.eclipse.justj.openjdk.hotspot.jre.full.win32.x86_64_17.0.2.v20220201-1208\jre"/>
    <property name="file.separator" value="\"/>
    <property name="basedir" value="C:\Users\USER\Desktop\Raikar\Raikar\New folder\Dodo_Admin_API_Automation"/>
    <property name="java.vm.compressedOopsMode" value="32-bit"/>
    <property name="line.separator" value="&#10;"/>
    <property name="java.vm.specification.vendor" value="Oracle Corporation"/>
    <property name="java.specification.name" value="Java Platform API Specification"/>
    <property name="surefire.real.class.path" value="C:\Users\USER\AppData\Local\Temp\surefire9703953971509862138\surefirebooter-20220621114132733_3.jar"/>
    <property name="user.script" value=""/>
    <property name="sun.management.compiler" value="HotSpot 64-Bit Tiered Compilers"/>
    <property name="java.runtime.version" value="17.0.2+8"/>
    <property name="user.name" value="USER"/>
    <property name="path.separator" value=";"/>
    <property name="os.version" value="10.0"/>
    <property name="java.runtime.name" value="OpenJDK Runtime Environment"/>
    <property name="file.encoding" value="Cp1252"/>
    <property name="java.vm.name" value="OpenJDK 64-Bit Server VM"/>
    <property name="java.vendor.version" value="Temurin-17.0.2+8"/>
    <property name="localRepository" value="C:\Users\USER\.m2\repository"/>
    <property name="java.vendor.url.bug" value="https://github.com/adoptium/adoptium-support/issues"/>
    <property name="java.io.tmpdir" value="C:\Users\USER\AppData\Local\Temp\"/>
    <property name="java.version" value="17.0.2"/>
    <property name="user.dir" value="C:\Users\USER\Desktop\Raikar\Raikar\New folder\Dodo_Admin_API_Automation"/>
    <property name="os.arch" value="amd64"/>
    <property name="java.vm.specification.name" value="Java Virtual Machine Specification"/>
    <property name="sun.os.patch.level" value=""/>
    <property name="native.encoding" value="Cp1252"/>
    <property name="java.library.path" value="C:\Users\USER\Downloads\eclipse\plugins\org.eclipse.justj.openjdk.hotspot.jre.full.win32.x86_64_17.0.2.v20220201-1208\jre\bin;C:\WINDOWS\Sun\Java\bin;C:\WINDOWS\system32;C:\WINDOWS;C:/Users/USER/Downloads/eclipse//plugins/org.eclipse.justj.openjdk.hotspot.jre.full.win32.x86_64_17.0.2.v20220201-1208/jre/bin/server;C:/Users/USER/Downloads/eclipse//plugins/org.eclipse.justj.openjdk.hotspot.jre.full.win32.x86_64_17.0.2.v20220201-1208/jre/bin;C:\Program Files (x86)\Common Files\Oracle\Java\javapath;C:\WINDOWS\system32;C:\WINDOWS;C:\WINDOWS\System32\Wbem;C:\WINDOWS\System32\WindowsPowerShell\v1.0\;C:\WINDOWS\System32\OpenSSH\;C:\Program Files (x86)\Yarn\bin\;C:\Program Files\Git\cmd;C:\Program Files\Java\jdk1.8.0_221\bin;C:\Users\USER\AppData\Local\Android\Sdk\platform-tools;C:\Users\USER\AppData\Local\Android\Sdk\tools;C:\Users\USER\AppData\Local\Android\Sdk\tools\bin;C:\src\flutter\bin;C:\Program Files\Dart\dart-sdk\bin;C:\Program Files\nodejs\;C:\Users\USER\AppData\Roaming\Pub\Cache\bin;C:\Users\USER\fvm\default\bin;C:\Users\USER\fvm;C:\Users\USER\fvm\versions;C:\Program Files\k6\;C:\apache-maven-3.8.6\bin;C:\Users\USER\AppData\Local\Programs\Python\Python38\Scripts\;C:\Users\USER\AppData\Local\Programs\Python\Python38\;C:\Users\USER\AppData\Local\Microsoft\WindowsApps;C:\Users\USER\AppData\Local\Yarn\bin;C:\Users\USER\AppData\Local\Android\Sdk\tools\bin;C:\Users\USER\AppData\Local\Android\Sdk\tools;C:\Users\USER\AppData\Local\Android\Sdk\platform-tools;C:\src\flutter\bin;C:\Users\USER\AppData\Local\Programs\Microsoft VS Code\bin;C:\Users\USER\AppData\Roaming\npm;C:\Program Files\TestProject Agent;C:\apache-maven-3.8.6\bin;;C:\Users\USER\Downloads\eclipse;;."/>
    <property name="java.vm.info" value="mixed mode"/>
    <property name="java.vendor" value="Eclipse Adoptium"/>
    <property name="java.vm.version" value="17.0.2+8"/>
    <property name="sun.io.unicode.encoding" value="UnicodeLittle"/>
    <property name="java.class.version" value="61.0"/>
  </properties>
  <testcase name="getAssetClassDetails_SDD_001_Admin_Post_assetClassDetails" classname="com.admin.testcases.assetClassDetails" time="10.584">
    <system-out><![CDATA[2022-06-21 11:41:36 INFO  TestBase:63 - *****************StockyDODO ADmin Rest API's Logs*********************
2022-06-21 11:41:36 INFO  TestBase:65 - ****************Started SDD_002_Admin_getAllAssetClassDetails*****************
getAssetClassDetails_SDD_001_Admin_Post_assetClassDetails test case started
We are sreaching the testcase in sheet name = getAssetClassDetails
2022-06-21 11:41:39 INFO  TestBase:42 - *****************StockyDODO ADmin Rest API's Logs*********************
getAllAssetClasses
Response Body Is:{"status_code":200,"status":"success","message":"asset classes list & counts","list":[{"_id":"62a8d86b5f9dfdb0a6fc2859","name":"equity9","unique_name":"equity9","type":"cryptocurrency","priority":2,"image_url":"https://niuli-images.s3.ap-south-1.amazonaws.com/21372076.jpg","available":true,"active":true,"status":"active","generic_date":"2022-06-14T18:50:18.124Z","createdAt":"2022-06-15T00:20:19.000Z","updatedAt":"2022-06-16T10:34:54.923Z","__v":0},{"_id":"62987c3dacb197c7c83a80db","name":"equity9","unique_name":"equity9","type":"market","priority":2,"image_url":"https://niuli-images.s3.ap-south-1.amazonaws.com/21372076.jpg","available":true,"active":false,"status":"active","generic_date":"2022-06-02T09:00:43.696Z","createdAt":"2022-06-02T14:30:45.000Z","updatedAt":"2022-06-02T11:41:39.362Z","__v":0},{"_id":"6290b3eaa9f51191521265f7","name":"eq","unique_name":"eq","type":"cryptocurrency","priority":1,"image_url":"https://s3.ap-south-1.amazonaws.com/stocky-dodo-file-uploads/1653650408496-stocky-dodo-Capture1.PNG","available":true,"active":false,"status":"active","generic_date":"2022-05-27T11:19:50.478Z","createdAt":"2022-05-27T16:50:09.000Z","updatedAt":"2022-06-01T07:43:48.128Z","__v":0},{"_id":"6290767c6332b25abd6948bc","name":"equity2","unique_name":"equity2","type":"market","priority":2,"image_url":"https://niuli-images.s3.ap-south-1.amazonaws.com/21372076.jpg","available":true,"active":false,"status":"active","generic_date":"2022-05-27T06:53:40.050Z","createdAt":"2022-05-27T12:28:04.000Z","updatedAt":"2022-05-30T06:17:53.290Z","__v":0},{"_id":"6191e84d3a5d5112364d51aa","name":"Currency","priority":2,"image_url":"https://stocky-dodo-file-uploads.s3.ap-south-1.amazonaws.com/asset_class_exchange%403x.png","available":true,"active":true,"status":"active","generic_date":"2021-11-15T04:52:33.074Z","updatedAt":"2022-05-24T12:11:23.253Z","createdAt":"2021-11-15T04:55:41.564Z","__v":0,"type":"currency","unique_name":"currency"},{"_id":"618163bc98b781bc69148ab5","name":"Crypto 2","priority":4,"image_url":"https://stocky-dodo-file-uploads.s3.ap-south-1.amazonaws.com/asset_class_exchange%403x.png","available":true,"active":false,"status":"active","generic_date":"2021-11-02T16:08:11.047Z","updatedAt":"2022-05-17T16:25:07.456Z","createdAt":"2021-11-02T16:13:48.677Z","__v":0,"type":"cyrptocurrency","unique_name":"crypto_2"},{"_id":"617ae4dbe2cd6f02df865e69","name":"Cryptos","priority":3,"image_url":"https://stocky-dodo-file-uploads.s3.ap-south-1.amazonaws.com/asset_class_cryptocurrencies%403x.png","available":true,"active":true,"status":"active","generic_date":"2021-10-28T17:38:29.056Z","updatedAt":"2022-05-13T06:01:16.821Z","createdAt":"2021-10-28T17:58:51.787Z","__v":0,"type":"cryptocurrency","unique_name":"cryptos"},{"_id":"617aa282523aea85acec2efb","name":"Equity","priority":1,"image_url":"https://s3.ap-south-1.amazonaws.com/stocky-dodo-file-uploads/1653393603471-stocky-dodo-increasing@3x.png","available":true,"active":true,"status":"active","updatedAt":"2022-05-24T12:00:06.237Z","createdAt":"2021-10-28T13:15:46.381Z","__v":0,"generic_date":"2021-10-28T13:04:54.720Z","type":"market","unique_name":"equity"}],"count":8,"asset_class_list":[{"_id":"62a8d86b5f9dfdb0a6fc2859","name":"equity9","unique_name":"equity9","type":"cryptocurrency","priority":2,"image_url":"https://niuli-images.s3.ap-south-1.amazonaws.com/21372076.jpg","available":true,"active":true,"status":"active","generic_date":"2022-06-14T18:50:18.124Z","createdAt":"2022-06-15T00:20:19.000Z","updatedAt":"2022-06-16T10:34:54.923Z","__v":0},{"_id":"62987c3dacb197c7c83a80db","name":"equity9","unique_name":"equity9","type":"market","priority":2,"image_url":"https://niuli-images.s3.ap-south-1.amazonaws.com/21372076.jpg","available":true,"active":false,"status":"active","generic_date":"2022-06-02T09:00:43.696Z","createdAt":"2022-06-02T14:30:45.000Z","updatedAt":"2022-06-02T11:41:39.362Z","__v":0},{"_id":"6290b3eaa9f51191521265f7","name":"eq","unique_name":"eq","type":"cryptocurrency","priority":1,"image_url":"https://s3.ap-south-1.amazonaws.com/stocky-dodo-file-uploads/1653650408496-stocky-dodo-Capture1.PNG","available":true,"active":false,"status":"active","generic_date":"2022-05-27T11:19:50.478Z","createdAt":"2022-05-27T16:50:09.000Z","updatedAt":"2022-06-01T07:43:48.128Z","__v":0},{"_id":"6290767c6332b25abd6948bc","name":"equity2","unique_name":"equity2","type":"market","priority":2,"image_url":"https://niuli-images.s3.ap-south-1.amazonaws.com/21372076.jpg","available":true,"active":false,"status":"active","generic_date":"2022-05-27T06:53:40.050Z","createdAt":"2022-05-27T12:28:04.000Z","updatedAt":"2022-05-30T06:17:53.290Z","__v":0},{"_id":"6191e84d3a5d5112364d51aa","name":"Currency","priority":2,"image_url":"https://stocky-dodo-file-uploads.s3.ap-south-1.amazonaws.com/asset_class_exchange%403x.png","available":true,"active":true,"status":"active","generic_date":"2021-11-15T04:52:33.074Z","updatedAt":"2022-05-24T12:11:23.253Z","createdAt":"2021-11-15T04:55:41.564Z","__v":0,"type":"currency","unique_name":"currency"},{"_id":"618163bc98b781bc69148ab5","name":"Crypto 2","priority":4,"image_url":"https://stocky-dodo-file-uploads.s3.ap-south-1.amazonaws.com/asset_class_exchange%403x.png","available":true,"active":false,"status":"active","generic_date":"2021-11-02T16:08:11.047Z","updatedAt":"2022-05-17T16:25:07.456Z","createdAt":"2021-11-02T16:13:48.677Z","__v":0,"type":"cyrptocurrency","unique_name":"crypto_2"},{"_id":"617ae4dbe2cd6f02df865e69","name":"Cryptos","priority":3,"image_url":"https://stocky-dodo-file-uploads.s3.ap-south-1.amazonaws.com/asset_class_cryptocurrencies%403x.png","available":true,"active":true,"status":"active","generic_date":"2021-10-28T17:38:29.056Z","updatedAt":"2022-05-13T06:01:16.821Z","createdAt":"2021-10-28T17:58:51.787Z","__v":0,"type":"cryptocurrency","unique_name":"cryptos"},{"_id":"617aa282523aea85acec2efb","name":"Equity","priority":1,"image_url":"https://s3.ap-south-1.amazonaws.com/stocky-dodo-file-uploads/1653393603471-stocky-dodo-increasing@3x.png","available":true,"active":true,"status":"active","updatedAt":"2022-05-24T12:00:06.237Z","createdAt":"2021-10-28T13:15:46.381Z","__v":0,"generic_date":"2021-10-28T13:04:54.720Z","type":"market","unique_name":"equity"}],"asset_class_count":8}
Response Time is ==>5736
2022-06-21 11:41:45 INFO  TestBase:66 - *****************StockyDODO ADmin Rest API's Logs*********************
Status Code is ==>200
2022-06-21 11:41:48 INFO  TestBase:74 - *****************StockyDODO ADmin Rest API's Logs*********************
Content Encoded Formate is ==>gzip
]]></system-out>
    <system-err><![CDATA[SLF4J: Failed to load class "org.slf4j.impl.StaticLoggerBinder".
SLF4J: Defaulting to no-operation (NOP) logger implementation
SLF4J: See http://www.slf4j.org/codes.html#StaticLoggerBinder for further details.
]]></system-err>
  </testcase>
</testsuite>