<?xml version="1.0" encoding="UTF-8"?>
<!-- Generated by org.testng.reporters.JUnitReportReporter -->
<testsuite hostname="CODEWAVE" failures="0" tests="1" name="com.admin.testcases.TC_006_Admin_Post_manageContestArenaListFilters" time="4.021" errors="0" timestamp="2022-05-21T18:56:03 IST" skipped="0">
  <testcase classname="com.admin.testcases.TC_006_Admin_Post_manageContestArenaListFilters" name="manageContestArenaListFilters" time="4.021"/>
  <system-out/>
</testsuite> <!-- com.admin.testcases.TC_006_Admin_Post_manageContestArenaListFilters -->
