<?xml version="1.0" encoding="UTF-8"?>
<!-- Generated by org.testng.reporters.JUnitReportReporter -->
<testsuite hostname="CODEWAVE" failures="0" tests="1" name="com.admin.testcases.contestTypeDetails$SDD_007_Admin_Post_getAllContestType" time="0.526" errors="0" timestamp="2022-05-27T14:14:15 IST" skipped="0">
  <testcase classname="com.admin.testcases.contestTypeDetails$SDD_007_Admin_Post_getAllContestType" name="checkResponseBody" time="0.526"/>
  <system-out/>
</testsuite> <!-- com.admin.testcases.contestTypeDetails$SDD_007_Admin_Post_getAllContestType -->
