<?xml version="1.0" encoding="UTF-8"?>
<!-- Generated by org.testng.reporters.JUnitReportReporter -->
<testsuite hostname="CODEWAVE" failures="0" tests="1" name="com.admin.testcases.TC_002_Admin_Post_getAllAssetClasses" time="4.844" errors="0" timestamp="2022-05-21T15:22:19 IST" skipped="0">
  <testcase classname="com.admin.testcases.TC_002_Admin_Post_getAllAssetClasses" name="getassetclassesDetails" time="4.844"/>
  <system-out/>
</testsuite> <!-- com.admin.testcases.TC_002_Admin_Post_getAllAssetClasses -->
