<?xml version="1.0" encoding="UTF-8"?>
<!-- Generated by org.testng.reporters.JUnitReportReporter -->
<testsuite hostname="CODEWAVE" failures="0" tests="1" name="com.admin.testcases.SDD_003_Admin_Post_getAllAssetClasses2" time="10.255" errors="0" timestamp="2022-05-24T21:24:08 IST" skipped="0">
  <testcase classname="com.admin.testcases.SDD_003_Admin_Post_getAllAssetClasses2" name="checkResponseBody1" time="10.255"/>
  <system-out/>
</testsuite> <!-- com.admin.testcases.SDD_003_Admin_Post_getAllAssetClasses2 -->
