<?xml version="1.0" encoding="UTF-8"?>
<!-- Generated by org.testng.reporters.JUnitReportReporter -->
<testsuite hostname="CODEWAVE" failures="0" tests="1" name="com.admin.testcases.indexDetails$SDD_013_Admin_Post_getAllIndice" time="5.632" errors="0" timestamp="2022-05-27T14:14:15 IST" skipped="0">
  <testcase classname="com.admin.testcases.indexDetails$SDD_013_Admin_Post_getAllIndice" name="checkResponseBody" time="5.632"/>
  <system-out/>
</testsuite> <!-- com.admin.testcases.indexDetails$SDD_013_Admin_Post_getAllIndice -->
