<?xml version="1.0" encoding="UTF-8"?>
<!-- Generated by org.testng.reporters.JUnitReportReporter -->
<testsuite hostname="CODEWAVE" failures="0" tests="1" name="com.admin.testcases.TC_010_Admin_Post_manageContestListFilters" time="4.384" errors="0" timestamp="2022-05-21T19:18:01 IST" skipped="0">
  <testcase classname="com.admin.testcases.TC_010_Admin_Post_manageContestListFilters" name="manageContestListFilters" time="4.384"/>
  <system-out/>
</testsuite> <!-- com.admin.testcases.TC_010_Admin_Post_manageContestListFilters -->
