<?xml version="1.0" encoding="UTF-8"?>
<!-- Generated by org.testng.reporters.JUnitReportReporter -->
<testsuite hostname="CODEWAVE" failures="0" tests="1" name="com.admin.testcases.TC_020_Admin_Post_manageLeaderboardContestDetails" time="4.438" errors="0" timestamp="2022-05-21T20:11:40 IST" skipped="0">
  <testcase classname="com.admin.testcases.TC_020_Admin_Post_manageLeaderboardContestDetails" name="manageLeaderboardContestDetails" time="4.438"/>
  <system-out/>
</testsuite> <!-- com.admin.testcases.TC_020_Admin_Post_manageLeaderboardContestDetails -->
