<?xml version="1.0" encoding="UTF-8"?>
<!-- Generated by org.testng.reporters.JUnitReportReporter -->
<testsuite hostname="CODEWAVE" failures="0" tests="1" name="com.admin.testcases.TC_014_Admin_Post_manageIndiceListFilters" time="3.662" errors="0" timestamp="2022-05-21T19:44:23 IST" skipped="0">
  <testcase classname="com.admin.testcases.TC_014_Admin_Post_manageIndiceListFilters" name="manageIndiceListFilters" time="3.662"/>
  <system-out/>
</testsuite> <!-- com.admin.testcases.TC_014_Admin_Post_manageIndiceListFilters -->
