<?xml version="1.0" encoding="UTF-8"?>
<!-- Generated by org.testng.reporters.JUnitReportReporter -->
<testsuite hostname="CODEWAVE" failures="0" tests="1" name="com.admin.testcases.SDD_010_Admin_Post_manageContestListFilters" time="4.896" errors="0" timestamp="2022-05-25T01:12:38 IST" skipped="0">
  <testcase classname="com.admin.testcases.SDD_010_Admin_Post_manageContestListFilters" name="checkResponseBody" time="4.896"/>
  <system-out/>
</testsuite> <!-- com.admin.testcases.SDD_010_Admin_Post_manageContestListFilters -->
