<?xml version="1.0" encoding="UTF-8"?>
<!-- Generated by org.testng.reporters.JUnitReportReporter -->
<testsuite hostname="CODEWAVE" failures="0" tests="1" name="com.admin.testcases.TC_009_Admin_Post_getAllContest" time="4.527" errors="0" timestamp="2022-05-21T19:12:21 IST" skipped="0">
  <testcase classname="com.admin.testcases.TC_009_Admin_Post_getAllContest" name="getAllContest" time="4.527"/>
  <system-out/>
</testsuite> <!-- com.admin.testcases.TC_009_Admin_Post_getAllContest -->
