<?xml version="1.0" encoding="UTF-8"?>
<!-- Generated by org.testng.reporters.JUnitReportReporter -->
<testsuite hostname="CODEWAVE" failures="0" tests="1" name="com.admin.testcases.TC_001_Admin_getAllAssetClasses" time="5.405" errors="0" timestamp="2022-05-21T13:52:59 IST" skipped="0">
  <testcase classname="com.admin.testcases.TC_001_Admin_getAllAssetClasses" name="getasset_classesDetails" time="5.405"/>
  <system-out/>
</testsuite> <!-- com.admin.testcases.TC_001_Admin_getAllAssetClasses -->
