<?xml version="1.0" encoding="UTF-8"?>
<!-- Generated by org.testng.reporters.JUnitReportReporter -->
<testsuite hostname="CODEWAVE" failures="0" tests="1" name="com.admin.testcases.TC_003_Admin_Post_getAllContestStyle" time="3.843" errors="0" timestamp="2022-05-21T18:39:26 IST" skipped="0">
  <testcase classname="com.admin.testcases.TC_003_Admin_Post_getAllContestStyle" name="getAllContestStyle" time="3.843"/>
  <system-out/>
</testsuite> <!-- com.admin.testcases.TC_003_Admin_Post_getAllContestStyle -->
