<?xml version="1.0" encoding="UTF-8"?>
<!-- Generated by org.testng.reporters.JUnitReportReporter -->
<testsuite hostname="CODEWAVE" failures="0" tests="1" name="com.admin.testcases.TC_015_Admin_Post_getAllAssets" time="4.264" errors="0" timestamp="2022-05-21T19:50:05 IST" skipped="0">
  <testcase classname="com.admin.testcases.TC_015_Admin_Post_getAllAssets" name="getAllAssets" time="4.264"/>
  <system-out/>
</testsuite> <!-- com.admin.testcases.TC_015_Admin_Post_getAllAssets -->
