<?xml version="1.0" encoding="UTF-8"?>
<!-- Generated by org.testng.reporters.JUnitReportReporter -->
<testsuite hostname="CODEWAVE" failures="0" tests="1" name="com.admin.testcases.TC_011_Admin_Post_getAllExchange" time="4.190" errors="0" timestamp="2022-05-21T19:25:16 IST" skipped="0">
  <testcase classname="com.admin.testcases.TC_011_Admin_Post_getAllExchange" name="getAllExchange" time="4.190"/>
  <system-out/>
</testsuite> <!-- com.admin.testcases.TC_011_Admin_Post_getAllExchange -->
