<?xml version="1.0" encoding="UTF-8"?>
<!-- Generated by org.testng.reporters.JUnitReportReporter -->
<testsuite hostname="CODEWAVE" failures="0" tests="1" name="com.admin.testcases.TC_008_Admin_Post_manageContestTypeListFilters" time="4.130" errors="0" timestamp="2022-05-21T19:04:08 IST" skipped="0">
  <testcase classname="com.admin.testcases.TC_008_Admin_Post_manageContestTypeListFilters" name="manageContestTypeListFilters" time="4.130"/>
  <system-out/>
</testsuite> <!-- com.admin.testcases.TC_008_Admin_Post_manageContestTypeListFilters -->
