<?xml version="1.0" encoding="UTF-8"?>
<!-- Generated by org.testng.reporters.JUnitReportReporter -->
<testsuite hostname="CODEWAVE" failures="0" tests="1" name="com.admin.testcases.TC_018_Admin_Post_getAllUser" time="3.967" errors="0" timestamp="2022-05-21T20:03:58 IST" skipped="0">
  <testcase classname="com.admin.testcases.TC_018_Admin_Post_getAllUser" name="getAllUser" time="3.967"/>
  <system-out/>
</testsuite> <!-- com.admin.testcases.TC_018_Admin_Post_getAllUser -->
