<?xml version="1.0" encoding="UTF-8"?>
<!-- Generated by org.testng.reporters.JUnitReportReporter -->
<testsuite hostname="CODEWAVE" failures="0" tests="1" name="com.admin.testcases.TC_019_Admin_Post_manageLeaderboardListing" time="4.174" errors="0" timestamp="2022-05-21T20:08:31 IST" skipped="0">
  <testcase classname="com.admin.testcases.TC_019_Admin_Post_manageLeaderboardListing" name="manageLeaderboardListing" time="4.174"/>
  <system-out/>
</testsuite> <!-- com.admin.testcases.TC_019_Admin_Post_manageLeaderboardListing -->
