<?xml version="1.0" encoding="UTF-8"?>
<!-- Generated by org.testng.reporters.JUnitReportReporter -->
<testsuite hostname="CODEWAVE" failures="0" tests="1" name="com.admin.testcases.TC_016_Admin_Post_getAllCoupon" time="4.686" errors="0" timestamp="2022-05-21T19:55:53 IST" skipped="0">
  <testcase classname="com.admin.testcases.TC_016_Admin_Post_getAllCoupon" name="getAllCoupon" time="4.686"/>
  <system-out/>
</testsuite> <!-- com.admin.testcases.TC_016_Admin_Post_getAllCoupon -->
