<?xml version="1.0" encoding="UTF-8"?>
<!-- Generated by org.testng.reporters.JUnitReportReporter -->
<testsuite hostname="CODEWAVE" failures="0" tests="1" name="com.admin.testcases.TC_001_Admin_Post_getAssetClassDetails" time="3.184" errors="0" timestamp="2022-05-21T19:32:18 IST" skipped="0">
  <testcase classname="com.admin.testcases.TC_001_Admin_Post_getAssetClassDetails" name="getassetclassesDetails" time="3.184"/>
  <system-out/>
</testsuite> <!-- com.admin.testcases.TC_001_Admin_Post_getAssetClassDetails -->
