<?xml version="1.0" encoding="UTF-8"?>
<!-- Generated by org.testng.reporters.JUnitReportReporter -->
<testsuite hostname="CODEWAVE" failures="0" tests="1" name="com.admin.testcases.couponDetails$SDD_016_Admin_Post_getAllCoupon" time="1.313" errors="0" timestamp="2022-05-27T14:14:15 IST" skipped="0">
  <testcase classname="com.admin.testcases.couponDetails$SDD_016_Admin_Post_getAllCoupon" name="checkResponseBody" time="1.313"/>
  <system-out/>
</testsuite> <!-- com.admin.testcases.couponDetails$SDD_016_Admin_Post_getAllCoupon -->
