<?xml version="1.0" encoding="UTF-8"?>
<!-- Generated by org.testng.reporters.JUnitReportReporter -->
<testsuite hostname="CODEWAVE" failures="0" tests="1" name="com.admin.testcases.assetsDetails$SDD_015_Admin_Post_getAllAssets" time="4.415" errors="0" timestamp="2022-05-31T19:53:49 IST" skipped="0">
  <testcase classname="com.admin.testcases.assetsDetails$SDD_015_Admin_Post_getAllAssets" name="checkResponseBody" time="4.415"/>
  <system-out/>
</testsuite> <!-- com.admin.testcases.assetsDetails$SDD_015_Admin_Post_getAllAssets -->
