<?xml version="1.0" encoding="UTF-8"?>
<!-- Generated by org.testng.reporters.JUnitReportReporter -->
<testsuite hostname="CODEWAVE" failures="0" tests="1" name="com.admin.testcases.TC_004_Admin_Post_manageContestStyleListFilters" time="3.755" errors="0" timestamp="2022-05-21T18:40:52 IST" skipped="0">
  <testcase classname="com.admin.testcases.TC_004_Admin_Post_manageContestStyleListFilters" name="manageContestStyleListFilters" time="3.755"/>
  <system-out/>
</testsuite> <!-- com.admin.testcases.TC_004_Admin_Post_manageContestStyleListFilters -->
