<?xml version="1.0" encoding="UTF-8"?>
<!-- Generated by org.testng.reporters.JUnitReportReporter -->
<testsuite hostname="CODEWAVE" failures="0" tests="1" name="com.admin.testcases.SDD_002_Admin_Post_getAllAssetClasses" time="4.943" errors="0" timestamp="2022-05-26T11:21:01 IST" skipped="0">
  <testcase classname="com.admin.testcases.SDD_002_Admin_Post_getAllAssetClasses" name="checkResponseBody" time="4.943"/>
  <system-out/>
</testsuite> <!-- com.admin.testcases.SDD_002_Admin_Post_getAllAssetClasses -->
