<?xml version="1.0" encoding="UTF-8"?>
<!-- Generated by org.testng.reporters.JUnitReportReporter -->
<testsuite hostname="CODEWAVE" failures="0" tests="1" name="com.admin.testcases.arenaDetails$SDD_006_Admin_Post_manageContestArenaListFilters" time="0.610" errors="0" timestamp="2022-05-31T21:05:31 IST" skipped="0">
  <testcase classname="com.admin.testcases.arenaDetails$SDD_006_Admin_Post_manageContestArenaListFilters" name="checkResponseBody" time="0.610"/>
  <system-out/>
</testsuite> <!-- com.admin.testcases.arenaDetails$SDD_006_Admin_Post_manageContestArenaListFilters -->
