<?xml version="1.0" encoding="UTF-8"?>
<!-- Generated by org.testng.reporters.JUnitReportReporter -->
<testsuite hostname="CODEWAVE" failures="0" tests="1" name="com.admin.testcases.SDD_011_Admin_Post_getAllExchange" time="7.850" errors="0" timestamp="2022-05-25T16:07:22 IST" skipped="0">
  <testcase classname="com.admin.testcases.SDD_011_Admin_Post_getAllExchange" name="checkResponseBody" time="7.850"/>
  <system-out/>
</testsuite> <!-- com.admin.testcases.SDD_011_Admin_Post_getAllExchange -->
