<?xml version="1.0" encoding="UTF-8"?>
<!-- Generated by org.testng.reporters.JUnitReportReporter -->
<testsuite hostname="CODEWAVE" failures="0" tests="1" name="com.admin.testcases.SDD_003_Admin_Post_getAllContestStyle" time="8.870" errors="0" timestamp="2022-05-26T11:20:38 IST" skipped="0">
  <testcase classname="com.admin.testcases.SDD_003_Admin_Post_getAllContestStyle" name="checkResponseBody" time="8.870"/>
  <system-out/>
</testsuite> <!-- com.admin.testcases.SDD_003_Admin_Post_getAllContestStyle -->
