<?xml version="1.0" encoding="UTF-8"?>
<!-- Generated by org.testng.reporters.JUnitReportReporter -->
<testsuite hostname="CODEWAVE" failures="0" tests="1" name="com.admin.testcases.SDD_007_Admin_Post_getAllContestType" time="5.357" errors="0" timestamp="2022-05-25T00:26:09 IST" skipped="0">
  <testcase classname="com.admin.testcases.SDD_007_Admin_Post_getAllContestType" name="checkResponseBody" time="5.357"/>
  <system-out/>
</testsuite> <!-- com.admin.testcases.SDD_007_Admin_Post_getAllContestType -->
