<?xml version="1.0" encoding="UTF-8"?>
<!-- Generated by org.testng.reporters.JUnitReportReporter -->
<testsuite hostname="CODEWAVE" failures="0" tests="1" name="com.admin.testcases.contestStyleDetails$SDD_003_Admin_Post_getAllContestStyle" time="0.419" errors="0" timestamp="2022-05-27T14:14:15 IST" skipped="0">
  <testcase classname="com.admin.testcases.contestStyleDetails$SDD_003_Admin_Post_getAllContestStyle" name="checkResponseBody" time="0.419"/>
  <system-out/>
</testsuite> <!-- com.admin.testcases.contestStyleDetails$SDD_003_Admin_Post_getAllContestStyle -->
