<?xml version="1.0" encoding="UTF-8"?>
<!-- Generated by org.testng.reporters.JUnitReportReporter -->
<testsuite hostname="CODEWAVE" failures="0" tests="1" name="com.admin.testcases.assetClassDetails" time="9.093" errors="0" timestamp="2022-06-29T17:31:11 IST" skipped="0">
  <testcase classname="com.admin.testcases.assetClassDetails" name="getAssetClassDetails_SDD_001_Admin_Post_assetClassDetails" time="9.093"/>
  <system-out/>
</testsuite> <!-- com.admin.testcases.assetClassDetails -->
