<?xml version="1.0" encoding="UTF-8"?>
<!-- Generated by org.testng.reporters.JUnitReportReporter -->
<testsuite hostname="CODEWAVE" failures="0" tests="1" name="com.admin.testcases.TC_005_Admin_Post_getAllContestArena" time="8.567" errors="0" timestamp="2022-05-21T18:53:24 IST" skipped="0">
  <testcase classname="com.admin.testcases.TC_005_Admin_Post_getAllContestArena" name="getAllContestArena" time="8.567"/>
  <system-out/>
</testsuite> <!-- com.admin.testcases.TC_005_Admin_Post_getAllContestArena -->
