<?xml version="1.0" encoding="UTF-8"?>
<!-- Generated by org.testng.reporters.JUnitReportReporter -->
<testsuite hostname="CODEWAVE" failures="0" tests="1" name="com.admin.testcases.TC_007_Admin_Post_getAllContestType" time="8.329" errors="0" timestamp="2022-05-24T23:24:43 IST" skipped="0">
  <testcase classname="com.admin.testcases.TC_007_Admin_Post_getAllContestType" name="checkResponseBody" time="8.329"/>
  <system-out/>
</testsuite> <!-- com.admin.testcases.TC_007_Admin_Post_getAllContestType -->
