<?xml version="1.0" encoding="UTF-8"?>
<!-- Generated by org.testng.reporters.JUnitReportReporter -->
<testsuite hostname="CODEWAVE" failures="0" tests="1" name="com.admin.testcases.exchangeDetails$SDD_011_Admin_Post_getAllExchange" time="0.433" errors="0" timestamp="2022-05-27T14:14:15 IST" skipped="0">
  <testcase classname="com.admin.testcases.exchangeDetails$SDD_011_Admin_Post_getAllExchange" name="checkResponseBody" time="0.433"/>
  <system-out/>
</testsuite> <!-- com.admin.testcases.exchangeDetails$SDD_011_Admin_Post_getAllExchange -->
