<?xml version="1.0" encoding="UTF-8"?>
<!-- Generated by org.testng.reporters.JUnitReportReporter -->
<testsuite hostname="CODEWAVE" failures="0" tests="1" name="com.admin.testcases.SDD_005_Admin_Post_manageContestStyleListFilters" time="5.407" errors="0" timestamp="2022-05-24T21:33:27 IST" skipped="0">
  <testcase classname="com.admin.testcases.SDD_005_Admin_Post_manageContestStyleListFilters" name="checkResponseBody" time="5.407"/>
  <system-out/>
</testsuite> <!-- com.admin.testcases.SDD_005_Admin_Post_manageContestStyleListFilters -->
