<?xml version="1.0" encoding="UTF-8"?>
<!-- Generated by org.testng.reporters.JUnitReportReporter -->
<testsuite hostname="CODEWAVE" failures="0" tests="1" name="com.admin.testcases.TC_012_Admin_Post_manageExchangeListFilters" time="4.807" errors="0" timestamp="2022-05-21T19:37:49 IST" skipped="0">
  <testcase classname="com.admin.testcases.TC_012_Admin_Post_manageExchangeListFilters" name="manageExchangeListFilters" time="4.807"/>
  <system-out/>
</testsuite> <!-- com.admin.testcases.TC_012_Admin_Post_manageExchangeListFilters -->
