<?xml version="1.0" encoding="UTF-8"?>
<!-- Generated by org.testng.reporters.JUnitReportReporter -->
<testsuite hostname="CODEWAVE" failures="0" tests="1" name="com.admin.testcases.TC_021_Admin_Post_leaderboardScreenGetContestWinners" time="4.403" errors="0" timestamp="2022-05-21T20:21:32 IST" skipped="0">
  <testcase classname="com.admin.testcases.TC_021_Admin_Post_leaderboardScreenGetContestWinners" name="leaderboardScreenGetContestWinners" time="4.403"/>
  <system-out/>
</testsuite> <!-- com.admin.testcases.TC_021_Admin_Post_leaderboardScreenGetContestWinners -->
