<?xml version="1.0" encoding="UTF-8"?>
<!-- Generated by org.testng.reporters.JUnitReportReporter -->
<testsuite hostname="CODEWAVE" failures="0" tests="1" name="com.admin.testcases.TC_017_Admin_Post_manageCouponListFilters" time="4.642" errors="0" timestamp="2022-05-21T19:59:55 IST" skipped="0">
  <testcase classname="com.admin.testcases.TC_017_Admin_Post_manageCouponListFilters" name="manageCouponListFilters" time="4.642"/>
  <system-out/>
</testsuite> <!-- com.admin.testcases.TC_017_Admin_Post_manageCouponListFilters -->
