<?xml version="1.0" encoding="UTF-8"?>
<!-- Generated by org.testng.reporters.JUnitReportReporter -->
<testsuite hostname="CODEWAVE" failures="0" tests="1" name="com.admin.testcases.TC_013_Admin_Post_getAllIndice" time="4.090" errors="0" timestamp="2022-05-21T19:40:34 IST" skipped="0">
  <testcase classname="com.admin.testcases.TC_013_Admin_Post_getAllIndice" name="getAllIndice" time="4.090"/>
  <system-out/>
</testsuite> <!-- com.admin.testcases.TC_013_Admin_Post_getAllIndice -->
