<?xml version="1.0" encoding="UTF-8"?>
<!-- Generated by org.testng.reporters.JUnitReportReporter -->
<testsuite hostname="CODEWAVE" failures="0" tests="1" name="com.admin.testcases.SDD_009_Admin_Post_getAllContest" time="8.381" errors="0" timestamp="2022-05-25T00:42:49 IST" skipped="0">
  <testcase classname="com.admin.testcases.SDD_009_Admin_Post_getAllContest" name="checkResponseBody" time="8.381"/>
  <system-out/>
</testsuite> <!-- com.admin.testcases.SDD_009_Admin_Post_getAllContest -->
